2025-08-04 23:48:04,134 - GET /login - 0.012s - 200
2025-08-04 23:48:04,170 - GET /static/css/custom.css - 0.001s - 304
2025-08-04 23:48:04,174 - GET /static/images/logo.png - 0.000s - 304
2025-08-04 23:48:30,235 - POST /login - 0.002s - 200
2025-08-04 23:48:30,246 - GET /static/css/custom.css - 0.001s - 304
2025-08-04 23:48:30,247 - GET /static/images/logo.png - 0.001s - 304
2025-08-04 23:48:30,514 - GET /api/notifications - 0.004s - 200
2025-08-04 23:48:35,684 - POST /login - 0.002s - 200
2025-08-04 23:48:35,695 - GET /static/css/custom.css - 0.001s - 304
2025-08-04 23:48:35,696 - GET /static/images/logo.png - 0.001s - 304
2025-08-04 23:48:42,548 - GET /community/forum/category/1 - 0.055s - 200
2025-08-04 23:48:42,601 - GET /static/css/custom.css - 0.000s - 200
2025-08-04 23:48:42,607 - GET /static/css/forum_revamp.css - 0.000s - 200
2025-08-04 23:48:43,492 - GET /static/css/forum_revamp.css - 0.000s - 200
2025-08-04 23:48:43,588 - GET /api/notifications - 0.001s - 200
2025-08-04 23:48:50,584 - GET / - 0.006s - 200
2025-08-04 23:48:50,891 - GET /static/images/ico.ico - 0.001s - 200
2025-08-04 23:48:52,422 - GET /fansub - 0.023s - 200
2025-08-04 23:48:52,568 - GET /static/css/custom.css - 0.000s - 200
2025-08-04 23:48:52,574 - GET /static/images/logo.png - 0.000s - 200
2025-08-04 23:48:53,579 - GET /login - 0.014s - 200
2025-08-04 23:48:53,780 - GET /static/css/custom.css - 0.001s - 304
2025-08-04 23:48:53,784 - GET /static/images/logo.png - 0.000s - 304
2025-08-04 23:48:59,178 - POST /login - 0.150s - 302
2025-08-04 23:48:59,229 - GET /fansub - 0.034s - 200
2025-08-04 23:48:59,419 - GET /static/css/custom.css - 0.000s - 304
2025-08-04 23:48:59,423 - GET /static/images/logo.png - 0.000s - 304
2025-08-04 23:48:59,456 - GET /api/notifications - 0.002s - 200
2025-08-04 23:49:31,334 - GET /login - 0.011s - 200
2025-08-04 23:49:31,340 - GET /static/css/custom.css - 0.001s - 304
2025-08-04 23:49:31,340 - GET /static/images/logo.png - 0.000s - 304
2025-08-04 23:49:42,216 - POST /login - 0.003s - 200
2025-08-04 23:49:42,226 - GET /static/css/custom.css - 0.001s - 304
2025-08-04 23:49:42,226 - GET /static/images/logo.png - 0.001s - 304
2025-08-04 23:49:43,735 - GET /api/notifications - 0.012s - 200
2025-08-04 23:49:51,464 - GET /login - 0.002s - 200
2025-08-04 23:49:51,478 - GET /static/css/custom.css - 0.001s - 304
2025-08-04 23:49:51,479 - GET /static/images/logo.png - 0.001s - 304
2025-08-04 23:49:52,368 - GET /login - 0.002s - 200
2025-08-04 23:49:52,381 - GET /static/css/custom.css - 0.001s - 304
2025-08-04 23:49:52,382 - GET /static/images/logo.png - 0.001s - 304
2025-08-04 23:49:52,540 - GET /login - 0.001s - 200
2025-08-04 23:49:52,548 - GET /static/css/custom.css - 0.001s - 304
2025-08-04 23:49:52,548 - GET /static/images/logo.png - 0.001s - 304
2025-08-04 23:49:52,707 - GET /login - 0.001s - 200
2025-08-04 23:49:52,715 - GET /static/css/custom.css - 0.001s - 304
2025-08-04 23:49:52,716 - GET /static/images/logo.png - 0.000s - 304
2025-08-04 23:49:52,874 - GET /login - 0.001s - 200
2025-08-04 23:49:52,882 - GET /static/css/custom.css - 0.002s - 304
2025-08-04 23:49:52,882 - GET /static/images/logo.png - 0.001s - 304
2025-08-04 23:49:58,738 - GET /fansub - 0.043s - 200
2025-08-04 23:49:58,797 - GET /static/css/custom.css - 0.001s - 200
2025-08-04 23:49:58,803 - GET /static/images/logo.png - 0.000s - 200
2025-08-04 23:49:59,231 - GET /api/notifications - 0.003s - 200
2025-08-04 23:50:06,055 - GET /apple-touch-icon-precomposed.png - 0.001s - 404
2025-08-04 23:50:06,057 - GET /apple-touch-icon.png - 0.000s - 404
2025-08-04 23:50:06,058 - GET /favicon.ico - 0.000s - 404
2025-08-04 23:50:06,062 - GET /static/images/logo.png - 0.002s - 200
2025-08-04 23:50:06,062 - GET /static/images/ico.ico - 0.001s - 200
2025-08-04 23:50:10,695 - GET / - 0.014s - 200
2025-08-04 23:50:10,900 - GET /static/images/ico.ico - 0.000s - 200
2025-08-04 23:50:10,903 - GET /static/images/logo.png - 0.001s - 200
2025-08-04 23:50:13,230 - GET /fansub - 0.000s - 200
2025-08-04 23:50:13,282 - GET /static/css/custom.css - 0.001s - 200
2025-08-04 23:50:13,319 - GET /static/images/logo.png - 0.000s - 304
2025-08-04 23:50:13,321 - GET /api/notifications - 0.000s - 302
2025-08-04 23:50:13,364 - GET /login - 0.001s - 200
2025-08-04 23:50:15,077 - GET /logout - 0.001s - 302
2025-08-04 23:50:15,088 - GET /login - 0.001s - 200
2025-08-04 23:50:15,122 - GET /static/css/custom.css - 0.002s - 304
2025-08-04 23:50:15,126 - GET /static/images/logo.png - 0.000s - 304
2025-08-04 23:50:16,316 - GET /login - 0.001s - 200
2025-08-04 23:50:16,365 - GET /static/css/custom.css - 0.000s - 200
2025-08-04 23:50:16,554 - GET /static/images/logo.png - 0.001s - 200
2025-08-04 23:50:16,790 - GET /static/images/ico.ico - 0.000s - 200
2025-08-04 23:50:21,149 - POST /login - 0.154s - 302
2025-08-04 23:50:21,159 - GET /fansub - 0.000s - 200
2025-08-04 23:50:21,201 - GET /static/css/custom.css - 0.002s - 304
2025-08-04 23:50:21,202 - GET /static/images/logo.png - 0.001s - 304
2025-08-04 23:50:21,274 - GET /api/notifications - 0.001s - 200
2025-08-04 23:51:56,915 - SLOW REQUEST: POST /add_anime - 1.924s - 302
2025-08-04 23:55:54,221 - GET / - 0.008s - 200
2025-08-04 23:56:00,445 - GET /fansub - 0.026s - 200
2025-08-04 23:56:00,454 - GET /static/css/custom.css - 0.000s - 200
2025-08-04 23:56:00,455 - GET /2 - 0.000s - 404
2025-08-04 23:56:00,461 - GET /static/images/logo.png - 0.000s - 200
2025-08-04 23:56:00,463 - GET /2 - 0.000s - 404
2025-08-04 23:56:33,258 - GET / - 0.000s - 200
2025-08-04 23:56:33,565 - GET /static/images/ico.ico - 0.001s - 200
2025-08-04 23:56:35,792 - GET /fansub - 0.000s - 200
2025-08-04 23:56:35,835 - GET /static/css/custom.css - 0.000s - 200
2025-08-04 23:56:35,841 - GET /static/images/logo.png - 0.000s - 200
2025-08-04 23:56:35,849 - GET /2 - 0.000s - 404
2025-08-04 23:56:47,687 - GET /login - 0.047s - 200
2025-08-04 23:56:47,968 - GET /static/css/custom.css - 0.000s - 304
2025-08-04 23:56:47,972 - GET /static/images/logo.png - 0.000s - 304
2025-08-04 23:56:48,001 - GET /api/notifications - 0.004s - 200
2025-08-04 23:57:00,617 - POST /login - 0.268s - 302
2025-08-04 23:57:00,635 - GET /fansub - 0.000s - 200
2025-08-04 23:57:00,910 - GET /static/css/custom.css - 0.001s - 304
2025-08-04 23:57:00,913 - GET /static/images/logo.png - 0.000s - 304
2025-08-04 23:57:00,916 - GET /2 - 0.000s - 404
2025-08-04 23:57:00,953 - GET /2 - 0.000s - 404
2025-08-04 23:57:07,566 - GET /fansub - 0.000s - 200
2025-08-04 23:57:07,604 - GET /static/css/custom.css - 0.000s - 200
2025-08-04 23:57:07,610 - GET /static/images/logo.png - 0.000s - 200
2025-08-04 23:57:07,616 - GET /2 - 0.000s - 404
2025-08-04 23:57:07,619 - GET /2 - 0.000s - 404
2025-08-04 23:57:07,627 - GET /2 - 0.000s - 404
2025-08-04 23:57:08,036 - GET /static/images/logo.png - 0.001s - 200
2025-08-04 23:57:08,038 - GET /2 - 0.000s - 404
2025-08-04 23:57:08,040 - GET /2 - 0.000s - 404
2025-08-04 23:57:08,048 - GET /2 - 0.001s - 404
2025-08-04 23:57:08,893 - GET /login - 0.003s - 200
2025-08-04 23:57:09,176 - GET /static/css/custom.css - 0.001s - 304
2025-08-04 23:57:09,181 - GET /static/images/logo.png - 0.000s - 304
2025-08-04 23:57:09,203 - GET /api/notifications - 0.001s - 200
2025-08-04 23:57:15,517 - POST /login - 0.266s - 302
2025-08-04 23:57:15,535 - GET /fansub - 0.000s - 200
2025-08-04 23:57:15,812 - GET /static/css/custom.css - 0.000s - 304
2025-08-04 23:57:15,816 - GET /static/images/logo.png - 0.000s - 304
2025-08-04 23:57:15,821 - GET /2 - 0.000s - 404
2025-08-04 23:57:15,850 - GET /2 - 0.000s - 404
2025-08-04 23:58:24,575 - GET /login - 0.002s - 200
2025-08-04 23:58:24,587 - GET /static/css/custom.css - 0.001s - 304
2025-08-04 23:58:24,587 - GET /static/images/logo.png - 0.001s - 304
2025-08-04 23:58:32,473 - POST /login - 0.002s - 200
2025-08-04 23:58:32,483 - GET /static/css/custom.css - 0.001s - 304
2025-08-04 23:58:32,483 - GET /static/images/logo.png - 0.001s - 304
2025-08-05 00:03:16,800 - GET /login - 0.012s - 200
2025-08-05 00:03:16,837 - GET /static/css/custom.css - 0.001s - 200
2025-08-05 00:03:16,842 - GET /static/images/logo.png - 0.000s - 200
2025-08-05 00:04:28,002 - GET /login - 0.010s - 200
2025-08-05 00:04:28,038 - GET /static/css/custom.css - 0.001s - 304
2025-08-05 00:04:28,042 - GET /static/images/logo.png - 0.000s - 304
2025-08-05 00:04:36,803 - POST /login - 0.003s - 200
2025-08-05 00:04:36,813 - GET /static/css/custom.css - 0.001s - 304
2025-08-05 00:04:36,813 - GET /static/images/logo.png - 0.001s - 304
2025-08-05 00:06:01,326 - GET /login - 0.011s - 200
2025-08-05 00:06:01,336 - GET /static/images/logo.png - 0.001s - 304
2025-08-05 00:06:01,337 - GET /static/css/custom.css - 0.001s - 304
2025-08-05 00:06:12,586 - POST /login - 0.274s - 302
2025-08-05 00:06:12,616 - GET /fansub - 0.028s - 200
2025-08-05 00:06:12,627 - GET /static/css/custom.css - 0.000s - 304
2025-08-05 00:06:12,628 - GET /static/images/logo.png - 0.001s - 304
2025-08-05 00:06:21,715 - GET /login - 0.001s - 200
2025-08-05 00:06:21,728 - GET /static/css/custom.css - 0.001s - 304
2025-08-05 00:06:21,729 - GET /static/images/logo.png - 0.001s - 304
2025-08-05 00:06:25,015 - GET /register - 0.009s - 200
2025-08-05 00:06:25,021 - GET /static/css/custom.css - 0.001s - 304
2025-08-05 00:06:25,022 - GET /static/images/logo.png - 0.001s - 304
2025-08-05 00:06:31,318 - GET /community - 0.023s - 200
2025-08-05 00:06:31,326 - GET /static/css/forum_revamp.css - 0.001s - 200
2025-08-05 00:06:31,326 - GET /static/css/custom.css - 0.000s - 304
2025-08-05 00:06:33,603 - GET /community/forum/ - 0.000s - 302
2025-08-05 00:06:33,616 - GET /login - 0.011s - 200
2025-08-05 00:06:33,622 - GET /static/css/custom.css - 0.001s - 304
2025-08-05 00:06:33,622 - GET /static/images/logo.png - 0.000s - 304
2025-08-05 00:06:54,758 - GET /fansub - 0.036s - 200
2025-08-05 00:06:54,768 - GET /static/images/logo.png - 0.001s - 304
2025-08-05 00:06:54,769 - GET /static/css/custom.css - 0.003s - 304
2025-08-05 00:07:36,740 - GET /fansub - 0.000s - 200
2025-08-05 00:07:36,789 - GET /static/css/custom.css - 0.001s - 200
2025-08-05 00:07:36,798 - GET /static/images/logo.png - 0.000s - 200
2025-08-05 00:07:37,101 - GET /static/images/ico.ico - 0.001s - 200
2025-08-05 00:07:40,457 - GET /login - 0.017s - 200
2025-08-05 00:07:40,762 - GET /static/css/custom.css - 0.000s - 304
2025-08-05 00:07:40,767 - GET /static/images/logo.png - 0.000s - 304
2025-08-05 00:07:40,819 - GET /api/notifications - 0.027s - 200
2025-08-05 00:07:45,033 - POST /login - 0.152s - 302
2025-08-05 00:07:45,048 - GET /fansub - 0.000s - 200
2025-08-05 00:07:45,323 - GET /static/css/custom.css - 0.000s - 304
2025-08-05 00:07:45,327 - GET /static/images/logo.png - 0.000s - 304
2025-08-05 00:08:24,863 - GET /fansub - 0.000s - 200
2025-08-05 00:08:24,904 - GET /static/css/custom.css - 0.000s - 200
2025-08-05 00:08:24,911 - GET /static/images/logo.png - 0.000s - 200
2025-08-05 00:08:25,511 - GET /static/images/logo.png - 0.000s - 200
2025-08-05 00:08:27,822 - GET /login - 0.010s - 200
2025-08-05 00:08:28,104 - GET /static/css/custom.css - 0.001s - 304
2025-08-05 00:08:28,109 - GET /static/images/logo.png - 0.000s - 304
2025-08-05 00:08:28,131 - GET /api/notifications - 0.002s - 200
2025-08-05 00:08:29,647 - GET /login - 0.005s - 200
2025-08-05 00:08:29,918 - GET /static/css/custom.css - 0.001s - 304
2025-08-05 00:08:29,921 - GET /static/images/logo.png - 0.000s - 304
2025-08-05 00:08:29,943 - GET /api/notifications - 0.002s - 200
2025-08-05 00:08:32,249 - GET /profile - 0.024s - 200
2025-08-05 00:08:32,527 - GET /static/css/custom.css - 0.001s - 304
2025-08-05 00:08:32,531 - GET /static/images/logo.png - 0.000s - 304
2025-08-05 00:08:32,557 - GET /api/notifications - 0.002s - 200
2025-08-05 00:08:33,864 - GET /logout - 0.003s - 302
2025-08-05 00:08:33,880 - GET /fansub - 0.000s - 200
2025-08-05 00:08:34,151 - GET /static/css/custom.css - 0.001s - 304
2025-08-05 00:08:34,154 - GET /static/images/logo.png - 0.001s - 304
2025-08-05 00:08:35,158 - GET /login - 0.002s - 200
2025-08-05 00:08:35,436 - GET /static/css/custom.css - 0.001s - 304
2025-08-05 00:08:35,440 - GET /static/images/logo.png - 0.000s - 304
2025-08-05 00:08:40,706 - POST /login - 0.149s - 302
2025-08-05 00:08:40,721 - GET /fansub - 0.000s - 200
2025-08-05 00:08:40,994 - GET /static/css/custom.css - 0.000s - 304
2025-08-05 00:08:40,999 - GET /static/images/logo.png - 0.000s - 304
2025-08-05 00:08:43,210 - GET /login - 0.004s - 200
2025-08-05 00:08:43,484 - GET /static/css/custom.css - 0.001s - 304
2025-08-05 00:08:43,487 - GET /static/images/logo.png - 0.000s - 304
2025-08-05 00:08:43,507 - GET /api/notifications - 0.002s - 200
2025-08-05 00:09:27,799 - GET /login - 0.016s - 200
2025-08-05 00:09:27,839 - GET /static/css/custom.css - 0.000s - 200
2025-08-05 00:09:27,846 - GET /static/images/logo.png - 0.000s - 200
2025-08-05 00:09:28,071 - GET /static/images/logo.png - 0.000s - 200
2025-08-05 00:09:28,168 - GET /api/notifications - 0.005s - 200
2025-08-05 00:09:29,668 - GET /logout - 0.002s - 302
2025-08-05 00:09:29,729 - GET /fansub - 0.046s - 200
2025-08-05 00:09:30,003 - GET /static/css/custom.css - 0.000s - 304
2025-08-05 00:09:30,008 - GET /static/images/logo.png - 0.000s - 304
2025-08-05 00:09:31,141 - GET /login - 0.002s - 200
2025-08-05 00:09:31,418 - GET /static/css/custom.css - 0.000s - 304
2025-08-05 00:09:31,423 - GET /static/images/logo.png - 0.000s - 304
2025-08-05 00:09:35,794 - POST /login - 0.268s - 302
2025-08-05 00:09:35,808 - GET /fansub - 0.000s - 200
2025-08-05 00:09:36,087 - GET /static/css/custom.css - 0.001s - 304
2025-08-05 00:09:36,092 - GET /static/images/logo.png - 0.000s - 304
2025-08-05 00:09:38,208 - GET /login - 0.003s - 200
2025-08-05 00:09:38,484 - GET /static/css/custom.css - 0.000s - 304
2025-08-05 00:09:38,489 - GET /static/images/logo.png - 0.000s - 304
2025-08-05 00:09:38,508 - GET /api/notifications - 0.002s - 200
2025-08-05 00:10:27,025 - GET /logout - 0.003s - 302
2025-08-05 00:10:27,040 - GET /fansub - 0.000s - 200
2025-08-05 00:10:27,318 - GET /static/css/custom.css - 0.000s - 304
2025-08-05 00:10:27,322 - GET /static/images/logo.png - 0.000s - 304
2025-08-05 00:10:28,253 - GET /login - 0.002s - 200
2025-08-05 00:10:28,529 - GET /static/css/custom.css - 0.001s - 304
2025-08-05 00:10:28,532 - GET /static/images/logo.png - 0.000s - 304
2025-08-05 00:10:32,799 - POST /login - 0.263s - 302
2025-08-05 00:10:32,815 - GET /fansub - 0.000s - 200
2025-08-05 00:10:33,146 - GET /static/css/custom.css - 0.000s - 304
2025-08-05 00:10:33,151 - GET /static/images/logo.png - 0.000s - 304
2025-08-05 00:10:34,464 - GET /login - 0.004s - 200
2025-08-05 00:10:34,743 - GET /static/css/custom.css - 0.001s - 304
2025-08-05 00:10:34,749 - GET /static/images/logo.png - 0.000s - 304
2025-08-05 00:10:34,772 - GET /api/notifications - 0.002s - 200
2025-08-05 00:10:38,681 - GET /fansub - 0.000s - 200
2025-08-05 00:10:38,685 - GET /static/css/custom.css - 0.000s - 304
2025-08-05 00:10:38,688 - GET /static/images/ico.ico - 0.000s - 304
2025-08-05 00:10:38,689 - GET /static/images/logo.png - 0.002s - 304
2025-08-05 00:10:38,955 - GET /static/css/custom.css - 0.001s - 304
2025-08-05 00:10:38,958 - GET /static/images/logo.png - 0.000s - 304
2025-08-05 00:10:39,456 - GET /community - 0.033s - 200
2025-08-05 00:10:39,733 - GET /static/css/custom.css - 0.000s - 304
2025-08-05 00:10:39,737 - GET /static/css/forum_revamp.css - 0.000s - 200
2025-08-05 00:10:39,760 - GET /api/notifications - 0.002s - 200
2025-08-05 00:10:41,165 - GET /community/forum/ - 0.020s - 200
2025-08-05 00:10:41,442 - GET /static/css/custom.css - 0.001s - 304
2025-08-05 00:10:41,445 - GET /static/css/forum_revamp.css - 0.001s - 304
2025-08-05 00:10:41,475 - GET /api/notifications - 0.002s - 200
2025-08-05 00:10:42,835 - GET /community/forum/category/1 - 0.021s - 200
2025-08-05 00:10:43,115 - GET /static/css/custom.css - 0.000s - 304
2025-08-05 00:10:43,119 - GET /static/css/forum_revamp.css - 0.000s - 304
2025-08-05 00:10:43,138 - GET /api/notifications - 0.001s - 200
2025-08-05 00:10:45,273 - GET /community/forum/thread/3 - 0.025s - 200
2025-08-05 00:10:45,553 - GET /static/css/custom.css - 0.001s - 304
2025-08-05 00:10:45,558 - GET /static/css/forum_revamp.css - 0.000s - 304
2025-08-05 00:10:45,579 - GET /api/notifications - 0.002s - 200
2025-08-05 00:11:03,077 - GET /profile - 0.013s - 200
2025-08-05 00:11:03,351 - GET /static/css/custom.css - 0.001s - 304
2025-08-05 00:11:03,356 - GET /static/images/logo.png - 0.000s - 304
2025-08-05 00:11:03,384 - GET /api/notifications - 0.002s - 200
2025-08-05 00:11:05,412 - GET /animes - 0.031s - 200
2025-08-05 00:11:05,691 - GET /static/css/custom.css - 0.001s - 304
2025-08-05 00:11:05,695 - GET /static/images/logo.png - 0.001s - 304
2025-08-05 00:11:05,724 - GET /api/notifications - 0.002s - 200
2025-08-05 00:11:06,559 - GET /community - 0.007s - 200
2025-08-05 00:11:06,565 - GET /static/css/forum_revamp.css - 0.001s - 304
2025-08-05 00:11:06,834 - GET /static/css/custom.css - 0.001s - 304
2025-08-05 00:11:06,837 - GET /static/css/forum_revamp.css - 0.000s - 304
2025-08-05 00:11:06,858 - GET /api/notifications - 0.002s - 200
2025-08-05 00:11:09,452 - GET /events - 0.001s - 302
2025-08-05 00:11:09,465 - GET /community/forum/ - 0.002s - 200
2025-08-05 00:11:09,737 - GET /static/css/custom.css - 0.001s - 304
2025-08-05 00:11:09,740 - GET /static/css/forum_revamp.css - 0.000s - 304
2025-08-05 00:11:09,759 - GET /api/notifications - 0.002s - 200
2025-08-05 00:11:13,219 - GET /fansub - 0.000s - 200
2025-08-05 00:11:13,494 - GET /static/css/custom.css - 0.001s - 304
2025-08-05 00:11:13,498 - GET /static/images/logo.png - 0.000s - 304
2025-08-05 00:11:17,016 - GET /animes - 0.007s - 200
2025-08-05 00:11:17,296 - GET /static/css/custom.css - 0.001s - 304
2025-08-05 00:11:17,299 - GET /static/images/logo.png - 0.000s - 304
2025-08-05 00:11:17,330 - GET /api/notifications - 0.002s - 200
2025-08-05 00:11:19,615 - GET /profile - 0.005s - 200
2025-08-05 00:11:19,900 - GET /static/css/custom.css - 0.000s - 304
2025-08-05 00:11:19,905 - GET /static/images/logo.png - 0.000s - 304
2025-08-05 00:11:19,928 - GET /api/notifications - 0.001s - 200
2025-08-05 00:11:20,974 - GET /logout - 0.001s - 302
2025-08-05 00:11:20,983 - GET /fansub - 0.000s - 200
2025-08-05 00:11:21,266 - GET /static/css/custom.css - 0.000s - 304
2025-08-05 00:11:21,272 - GET /static/images/logo.png - 0.001s - 304
2025-08-05 00:11:23,818 - GET /fansub - 0.000s - 200
2025-08-05 00:11:24,092 - GET /static/css/custom.css - 0.001s - 304
2025-08-05 00:11:24,097 - GET /static/images/logo.png - 0.000s - 304
2025-08-05 00:11:25,325 - GET /register - 0.019s - 200
2025-08-05 00:11:25,612 - GET /static/css/custom.css - 0.000s - 304
2025-08-05 00:11:25,617 - GET /static/images/logo.png - 0.000s - 304
2025-08-05 00:11:32,075 - POST /register - 0.041s - 200
2025-08-05 00:11:32,350 - GET /static/css/custom.css - 0.001s - 304
2025-08-05 00:11:32,355 - GET /static/images/logo.png - 0.000s - 304
2025-08-05 00:11:40,301 - POST /register - 0.051s - 200
2025-08-05 00:11:40,577 - GET /static/css/custom.css - 0.001s - 304
2025-08-05 00:11:40,580 - GET /static/images/logo.png - 0.001s - 304
2025-08-05 00:12:02,778 - GET /register - 0.030s - 200
2025-08-05 00:12:03,054 - GET /static/css/custom.css - 0.001s - 304
2025-08-05 00:12:03,058 - GET /static/images/logo.png - 0.000s - 304
2025-08-05 00:12:29,834 - POST /register - 0.164s - 302
2025-08-05 00:12:29,860 - GET /login - 0.010s - 200
2025-08-05 00:12:30,141 - GET /static/css/custom.css - 0.001s - 304
2025-08-05 00:12:30,146 - GET /static/images/logo.png - 0.001s - 304
2025-08-05 00:12:36,958 - POST /login - 0.151s - 302
2025-08-05 00:12:36,986 - GET /fansub - 0.011s - 200
2025-08-05 00:12:37,259 - GET /static/css/custom.css - 0.002s - 304
2025-08-05 00:12:37,264 - GET /static/images/logo.png - 0.002s - 304
2025-08-05 00:12:37,340 - GET /api/notifications - 0.005s - 200
2025-08-05 00:12:45,374 - GET /logout - 0.002s - 302
2025-08-05 00:12:45,391 - GET /fansub - 0.002s - 200
2025-08-05 00:12:45,662 - GET /static/css/custom.css - 0.002s - 304
2025-08-05 00:12:45,667 - GET /static/images/logo.png - 0.001s - 304
2025-08-05 00:12:45,738 - GET /api/notifications - 0.001s - 200
2025-08-05 00:13:04,941 - GET /logout - 0.002s - 302
2025-08-05 00:13:04,957 - GET /fansub - 0.001s - 200
2025-08-05 00:13:05,228 - GET /static/css/custom.css - 0.001s - 304
2025-08-05 00:13:05,233 - GET /static/images/logo.png - 0.001s - 304
2025-08-05 00:13:05,300 - GET /api/notifications - 0.002s - 200
2025-08-05 00:13:08,915 - GET /logout - 0.001s - 302
2025-08-05 00:13:08,927 - GET /fansub - 0.001s - 200
2025-08-05 00:13:09,203 - GET /static/css/custom.css - 0.002s - 304
2025-08-05 00:13:09,207 - GET /static/images/logo.png - 0.001s - 304
2025-08-05 00:13:09,269 - GET /api/notifications - 0.002s - 200
2025-08-05 00:13:11,622 - GET /fansub - 0.002s - 200
2025-08-05 00:13:11,664 - GET /static/css/custom.css - 0.001s - 200
2025-08-05 00:13:11,669 - GET /static/images/logo.png - 0.001s - 200
2025-08-05 00:13:24,575 - GET /static/images/logo.png - 0.003s - 200
2025-08-05 00:13:24,708 - GET /api/notifications - 0.002s - 200
2025-08-05 00:13:28,694 - GET /logout - 0.002s - 302
2025-08-05 00:13:28,761 - GET /fansub - 0.053s - 200
2025-08-05 00:13:29,045 - GET /static/css/custom.css - 0.002s - 200
2025-08-05 00:13:29,048 - GET /static/images/logo.png - 0.001s - 200
2025-08-05 00:13:29,112 - GET /api/notifications - 0.003s - 200
2025-08-05 00:13:31,685 - GET /fansub - 0.003s - 200
2025-08-05 00:13:31,726 - GET /static/css/custom.css - 0.001s - 200
2025-08-05 00:13:31,732 - GET /static/images/logo.png - 0.001s - 200
2025-08-05 00:13:31,959 - GET /static/images/logo.png - 0.002s - 200
2025-08-05 00:13:32,067 - GET /api/notifications - 0.002s - 200
2025-08-05 00:13:35,715 - GET /profile - 0.016s - 200
2025-08-05 00:13:35,996 - GET /static/css/custom.css - 0.001s - 304
2025-08-05 00:13:36,007 - GET /static/images/logo.png - 0.004s - 304
2025-08-05 00:13:36,051 - GET /api/notifications - 0.002s - 200
2025-08-05 00:13:37,771 - GET /support - 0.010s - 200
2025-08-05 00:13:38,068 - GET /static/css/custom.css - 0.001s - 304
2025-08-05 00:13:38,073 - GET /static/images/logo.png - 0.001s - 304
2025-08-05 00:13:38,094 - GET /api/notifications - 0.002s - 200
2025-08-05 00:13:38,990 - GET /fansub - 0.053s - 200
2025-08-05 00:13:39,273 - GET /static/css/custom.css - 0.002s - 304
2025-08-05 00:13:39,278 - GET /static/images/logo.png - 0.002s - 304
2025-08-05 00:13:39,342 - GET /api/notifications - 0.002s - 200
2025-08-05 00:13:40,580 - GET /logout - 0.002s - 302
2025-08-05 00:13:40,596 - GET /fansub - 0.001s - 200
2025-08-05 00:13:40,865 - GET /static/css/custom.css - 0.002s - 200
2025-08-05 00:13:40,868 - GET /static/images/logo.png - 0.001s - 200
2025-08-05 00:13:40,930 - GET /api/notifications - 0.002s - 200
2025-08-05 00:14:03,382 - GET /fansub - 0.001s - 200
2025-08-05 00:14:03,424 - GET /static/css/custom.css - 0.001s - 200
2025-08-05 00:14:03,431 - GET /static/images/logo.png - 0.001s - 200
2025-08-05 00:14:03,657 - GET /static/images/logo.png - 0.001s - 200
2025-08-05 00:14:03,768 - GET /api/notifications - 0.002s - 200
2025-08-05 00:14:04,977 - GET /logout - 0.001s - 302
2025-08-05 00:14:04,991 - GET /fansub - 0.001s - 200
2025-08-05 00:14:04,997 - GET /static/css/custom.css - 0.002s - 304
2025-08-05 00:14:04,999 - GET /static/images/logo.png - 0.003s - 304
2025-08-05 00:14:05,337 - GET /api/notifications - 0.001s - 200
2025-08-05 00:14:10,559 - GET /logout - 0.002s - 302
2025-08-05 00:14:10,571 - GET /fansub - 0.001s - 200
2025-08-05 00:14:10,578 - GET /static/images/logo.png - 0.004s - 304
2025-08-05 00:14:10,578 - GET /static/css/custom.css - 0.003s - 304
2025-08-05 00:14:10,897 - GET /api/notifications - 0.002s - 200
2025-08-05 00:14:21,495 - GET /fansub - 0.041s - 200
2025-08-05 00:14:21,535 - GET /static/css/custom.css - 0.001s - 200
2025-08-05 00:14:21,541 - GET /static/images/logo.png - 0.001s - 200
2025-08-05 00:14:21,770 - GET /static/images/logo.png - 0.002s - 200
2025-08-05 00:14:21,908 - GET /api/notifications - 0.029s - 200
2025-08-05 00:14:25,494 - GET /logout - 0.004s - 302
2025-08-05 00:14:25,510 - GET /fansub - 0.002s - 200
2025-08-05 00:14:25,518 - GET /static/css/custom.css - 0.004s - 304
2025-08-05 00:14:25,520 - GET /static/images/logo.png - 0.004s - 304
2025-08-05 00:14:25,858 - GET /api/notifications - 0.001s - 200
2025-08-05 00:14:27,488 - GET /fansub - 0.001s - 200
2025-08-05 00:14:27,496 - GET /static/images/logo.png - 0.004s - 200
2025-08-05 00:14:27,497 - GET /static/css/custom.css - 0.006s - 200
2025-08-05 00:14:27,521 - GET /static/css/custom.css - 0.001s - 200
2025-08-05 00:14:27,526 - GET /static/images/logo.png - 0.001s - 200
2025-08-05 00:14:27,627 - GET /static/images/logo.png - 0.004s - 200
2025-08-05 00:14:27,889 - GET /api/notifications - 0.001s - 200
2025-08-05 00:14:36,805 - GET /fansub - 0.002s - 200
2025-08-05 00:14:36,849 - GET /static/css/custom.css - 0.002s - 200
2025-08-05 00:14:36,854 - GET /static/images/logo.png - 0.001s - 200
2025-08-05 00:14:37,087 - GET /static/images/logo.png - 0.002s - 200
2025-08-05 00:14:37,200 - GET /api/notifications - 0.002s - 200
